<?xml version="1.0" encoding="UTF-8"?>
<testsuite name="Compra Articulos" tests="1" skipped="0" failures="0" errors="0" timestamp="2020-09-16T23:06:23" hostname="50HW016118" time="26.01">
  <properties/>
  <testcase name="agregar articulos al carrito de compras" classname="Compra Articulos" time="26.01"/>
  <system-out><![CDATA[]]></system-out>
  <system-err><![CDATA[Sep 16, 2020 6:06:24 PM org.openqa.selenium.remote.DesiredCapabilities chrome
INFO: Using `new ChromeOptions()` is preferred to `DesiredCapabilities.chrome()`
[Test worker] INFO net.serenitybdd.core.webdriver.driverproviders.ProvideNewDriver - Instantiating driver
[Test worker] INFO net.serenitybdd.core.webdriver.driverproviders.ProvideNewDriver - Driver capabilities: Capabilities {acceptInsecureCerts: false, browserName: chrome, chrome.switches: --incognito, --start-maximized, goog:chromeOptions: {args: [--incognito, --start-maximized, --enable-automation, --test-type], extensions: []}, platform: ANY, version: }
Starting ChromeDriver 85.0.4183.87 (cd6713ebf92fa1cacc0f1a598df280093af0c5d7-refs/branch-heads/4183@{#1689}) on port 15039
Only local connections are allowed.
Please see https://chromedriver.chromium.org/security-considerations for suggestions on keeping ChromeDriver safe.
ChromeDriver was started successfully.
Sep 16, 2020 6:06:28 PM org.openqa.selenium.remote.ProtocolHandshake createSession
INFO: Detected dialect: W3C
[Test worker] INFO net.thucydides.core.steps.ConsoleLoggingListener - 
        __    _____ _____ ____ _____   ____   _    ____  ____  _____ ____  
  _     \ \  |_   _| ____/ ___|_   _| |  _ \ / \  / ___|/ ___|| ____|  _ \ 
 (_)_____| |   | | |  _| \___ \ | |   | |_) / _ \ \___ \\___ \|  _| | | | |
  _|_____| |   | | | |___ ___) || |   |  __/ ___ \ ___) |___) | |___| |_| |
 (_)     | |   |_| |_____|____/ |_|   |_| /_/   \_\____/|____/|_____|____/ 
        /_/                                                                

TEST PASSED: agregar articulos al carrito de compras
----------------------------------------------------------------------------
]]></system-err>
</testsuite>
